<?xml version="1.0" encoding="UTF-8"?>
<!-- Generated by org.testng.reporters.JUnitReportReporter -->
<testsuite skipped="0" hostname="LAPTOP-EUTQRU8P" name="testknowledge.ElementTable" tests="1" failures="0" timestamp="2021-05-01T19:37:54 IST" time="3.406" errors="0">
  <testcase name="DynamicTable" time="3.406" classname="testknowledge.ElementTable"/>
  <system-out/>
</testsuite> <!-- testknowledge.ElementTable -->
