<?xml version="1.0" encoding="UTF-8"?>
<!-- Generated by org.testng.reporters.JUnitReportReporter -->
<testsuite skipped="0" hostname="LAPTOP-EUTQRU8P" name="seleniumHandsOn.FileUpload" tests="2" failures="0" timestamp="2021-08-02T09:53:02 IST" time="16.244" errors="0">
  <testcase name="UploadFile" time="14.600" classname="seleniumHandsOn.FileUpload"/>
  <system-out/>
  <testcase name="SwitchAction" time="1.644" classname="seleniumHandsOn.FileUpload"/>
  <system-out/>
</testsuite> <!-- seleniumHandsOn.FileUpload -->
