<?xml version="1.0" encoding="UTF-8"?>
<!-- Generated by org.testng.reporters.JUnitReportReporter -->
<testsuite skipped="0" hostname="LAPTOP-EUTQRU8P" name="seleniumHandsOn.ParametersHandsOn" tests="2" failures="0" timestamp="2021-06-21T10:17:15 IST" time="44.470" errors="0">
  <testcase name="PassData" time="5.055" classname="seleniumHandsOn.ParametersHandsOn"/>
  <system-out/>
  <testcase name="OpenBrow" time="39.415" classname="seleniumHandsOn.ParametersHandsOn"/>
  <system-out/>
</testsuite> <!-- seleniumHandsOn.ParametersHandsOn -->
