<?xml version="1.0" encoding="UTF-8"?>
<!-- Generated by org.testng.reporters.JUnitReportReporter -->
<testsuite skipped="0" hostname="LAPTOP-EUTQRU8P" name="seleniumHandsOn.Log4JHandsOn" tests="3" failures="0" timestamp="2021-05-15T18:41:42 IST" time="0.153" errors="0">
  <testcase name="BasicConfig" time="0.022" classname="seleniumHandsOn.Log4JHandsOn"/>
  <system-out/>
  <testcase name="DOMConfig" time="0.115" classname="seleniumHandsOn.Log4JHandsOn"/>
  <system-out/>
  <testcase name="PropConfig" time="0.016" classname="seleniumHandsOn.Log4JHandsOn"/>
  <system-out/>
</testsuite> <!-- seleniumHandsOn.Log4JHandsOn -->
