<?xml version="1.0" encoding="UTF-8"?>
<!-- Generated by org.testng.reporters.JUnitReportReporter -->
<testsuite skipped="0" hostname="LAPTOP-EUTQRU8P" name="testknowledge.ElementDragSelectSort" tests="1" failures="0" timestamp="2021-05-01T10:33:18 IST" time="44.150" errors="0">
  <testcase name="OpenBrowserDragSelectSort" time="44.150" classname="testknowledge.ElementDragSelectSort"/>
  <system-out/>
</testsuite> <!-- testknowledge.ElementDragSelectSort -->
