<?xml version="1.0" encoding="UTF-8"?>
<!-- Generated by org.testng.reporters.JUnitReportReporter -->
<testsuite skipped="0" hostname="LAPTOP-EUTQRU8P" name="testJavaBasics.UsingConfigFile" tests="1" failures="0" timestamp="2021-05-13T19:34:25 IST" time="6.763" errors="0">
  <testcase name="OpenGoogleSite" time="6.763" classname="testJavaBasics.UsingConfigFile"/>
  <system-out/>
</testsuite> <!-- testJavaBasics.UsingConfigFile -->
