<?xml version="1.0" encoding="UTF-8"?>
<!-- Generated by org.testng.reporters.JUnitReportReporter -->
<testsuite skipped="0" hostname="LAPTOP-EUTQRU8P" name="testknowledge.TestNGDependency" tests="2" failures="0" timestamp="2021-04-11T11:44:22 IST" time="23.258" errors="0">
  <testcase name="LoginGmail" time="9.298" classname="testknowledge.TestNGDependency"/>
  <system-out/>
  <testcase name="OpenGmail" time="13.960" classname="testknowledge.TestNGDependency"/>
  <system-out/>
</testsuite> <!-- testknowledge.TestNGDependency -->
