<?xml version="1.0" encoding="UTF-8"?>
<!-- Generated by org.testng.reporters.JUnitReportReporter -->
<testsuite skipped="0" hostname="LAPTOP-EUTQRU8P" name="seleniumInterviewQues.SendTextEg" tests="1" failures="0" timestamp="2021-06-13T10:32:20 IST" time="9.579" errors="0">
  <testcase name="InputText" time="9.579" classname="seleniumInterviewQues.SendTextEg"/>
  <system-out/>
</testsuite> <!-- seleniumInterviewQues.SendTextEg -->
