<?xml version="1.0" encoding="UTF-8"?>
<!-- Generated by org.testng.reporters.JUnitReportReporter -->
<testsuite skipped="0" hostname="LAPTOP-EUTQRU8P" name="seleniumHandsOn.HackerRankCode" tests="1" failures="0" timestamp="2021-08-30T19:06:50 IST" time="19.154" errors="0">
  <testcase name="googleSearch" time="19.154" classname="seleniumHandsOn.HackerRankCode"/>
  <system-out/>
</testsuite> <!-- seleniumHandsOn.HackerRankCode -->
