<?xml version="1.0" encoding="UTF-8"?>
<!-- Generated by org.testng.reporters.JUnitReportReporter -->
<testsuite skipped="0" hostname="LAPTOP-EUTQRU8P" name="seleniumInterviewQues.ImplicitWaitEg" tests="1" failures="0" timestamp="2021-06-02T16:18:35 IST" time="15.206" errors="0">
  <testcase name="OpenBrow" time="15.206" classname="seleniumInterviewQues.ImplicitWaitEg"/>
  <system-out/>
</testsuite> <!-- seleniumInterviewQues.ImplicitWaitEg -->
