<?xml version="1.0" encoding="UTF-8"?>
<!-- Generated by org.testng.reporters.JUnitReportReporter -->
<testsuite skipped="0" hostname="LAPTOP-EUTQRU8P" name="seleniumHandsOn.TestNgEg" tests="3" failures="0" timestamp="2021-08-01T12:11:42 IST" time="0.016" errors="0">
  <testcase name="OpenGoogle" time="0.010" classname="seleniumHandsOn.TestNgEg"/>
  <system-out/>
  <testcase name="OpenGoogle" time="0.003" classname="seleniumHandsOn.TestNgEg"/>
  <system-out/>
  <testcase name="OpenGoogle" time="0.003" classname="seleniumHandsOn.TestNgEg"/>
  <system-out/>
</testsuite> <!-- seleniumHandsOn.TestNgEg -->
