<?xml version="1.0" encoding="UTF-8"?>
<!-- Generated by org.testng.reporters.JUnitReportReporter -->
<testsuite skipped="0" hostname="LAPTOP-EUTQRU8P" name="seleniumInterviewQues.AuthPopUpEg" tests="1" failures="0" timestamp="2021-06-13T11:27:35 IST" time="20.945" errors="0">
  <testcase name="popup" time="20.945" classname="seleniumInterviewQues.AuthPopUpEg"/>
  <system-out/>
</testsuite> <!-- seleniumInterviewQues.AuthPopUpEg -->
