<?xml version="1.0" encoding="UTF-8"?>
<!-- Generated by org.testng.reporters.JUnitReportReporter -->
<testsuite skipped="0" hostname="LAPTOP-EUTQRU8P" name="seleniumHandsOn.FileUploadExample" tests="1" failures="0" timestamp="2021-05-29T19:14:52 IST" time="41.962" errors="0">
  <testcase name="UploadFile" time="41.962" classname="seleniumHandsOn.FileUploadExample"/>
  <system-out/>
</testsuite> <!-- seleniumHandsOn.FileUploadExample -->
