<?xml version="1.0" encoding="UTF-8"?>
<!-- Generated by org.testng.reporters.JUnitReportReporter -->
<testsuite skipped="0" hostname="LAPTOP-EUTQRU8P" name="testknowledge.PlayGround" tests="1" failures="0" timestamp="2021-04-25T12:09:18 IST" time="21.885" errors="0">
  <testcase name="OpenBrowser" time="21.885" classname="testknowledge.PlayGround"/>
  <system-out/>
</testsuite> <!-- testknowledge.PlayGround -->
