<?xml version="1.0" encoding="UTF-8"?>
<!-- Generated by org.testng.reporters.JUnitReportReporter -->
<testsuite skipped="0" hostname="LAPTOP-EUTQRU8P" name="seleniumHandsOn.PractiseSelenium" tests="1" failures="0" timestamp="2021-05-15T17:06:11 IST" time="2.519" errors="0">
  <testcase name="TxtBox" time="2.519" classname="seleniumHandsOn.PractiseSelenium"/>
  <system-out/>
</testsuite> <!-- seleniumHandsOn.PractiseSelenium -->
