<?xml version="1.0" encoding="UTF-8"?>
<!-- Generated by org.testng.reporters.JUnitReportReporter -->
<testsuite skipped="0" hostname="LAPTOP-EUTQRU8P" name="seleniumHandsOn.JsonHandsOn" tests="1" failures="0" timestamp="2021-07-25T20:21:56 IST" time="0.021" errors="0">
  <testcase name="jsonFileWrite" time="0.021" classname="seleniumHandsOn.JsonHandsOn"/>
  <system-out/>
</testsuite> <!-- seleniumHandsOn.JsonHandsOn -->
