<?xml version="1.0" encoding="UTF-8"?>
<!-- Generated by org.testng.reporters.JUnitReportReporter -->
<testsuite skipped="0" hostname="LAPTOP-EUTQRU8P" name="seleniumHandsOn.waitsInSelenium" tests="1" failures="0" timestamp="2021-07-27T19:37:32 IST" time="13.726" errors="0">
  <testcase name="implicitWaitEg" time="13.726" classname="seleniumHandsOn.waitsInSelenium"/>
  <system-out/>
</testsuite> <!-- seleniumHandsOn.waitsInSelenium -->
