<?xml version="1.0" encoding="UTF-8"?>
<!-- Generated by org.testng.reporters.JUnitReportReporter -->
<testsuite skipped="0" hostname="LAPTOP-EUTQRU8P" name="testknowledge.TestNGParallel" tests="5" failures="0" timestamp="2021-04-12T12:31:19 IST" time="96.970" errors="0">
  <testcase name="ThirdTC" time="44.690" classname="testknowledge.TestNGParallel"/>
  <system-out/>
  <testcase name="FourthTC" time="0.509" classname="testknowledge.TestNGParallel"/>
  <system-out/>
  <testcase name="FirstTC" time="0.014" classname="testknowledge.TestNGParallel"/>
  <system-out/>
  <testcase name="SecondTC" time="0.014" classname="testknowledge.TestNGParallel"/>
  <system-out/>
  <testcase name="FifthTC" time="51.743" classname="testknowledge.TestNGParallel"/>
  <system-out/>
</testsuite> <!-- testknowledge.TestNGParallel -->
