<?xml version="1.0" encoding="UTF-8"?>
<!-- Generated by org.testng.reporters.JUnitReportReporter -->
<testsuite skipped="0" hostname="LAPTOP-EUTQRU8P" name="seleniumHandsOn.FileDownloadExample" tests="1" failures="0" timestamp="2021-05-29T18:57:32 IST" time="12.164" errors="0">
  <testcase name="OpenPageFileDownload" time="12.164" classname="seleniumHandsOn.FileDownloadExample"/>
  <system-out/>
</testsuite> <!-- seleniumHandsOn.FileDownloadExample -->
