<?xml version="1.0" encoding="UTF-8"?>
<!-- Generated by org.testng.reporters.JUnitReportReporter -->
<testsuite skipped="0" hostname="LAPTOP-EUTQRU8P" name="testknowledge.ElementWindowsFrames" tests="1" failures="0" timestamp="2021-05-01T10:33:18 IST" time="10.283" errors="0">
  <testcase name="OpenBrowserWindowsAndFrames" time="10.283" classname="testknowledge.ElementWindowsFrames"/>
  <system-out/>
</testsuite> <!-- testknowledge.ElementWindowsFrames -->
