<?xml version="1.0" encoding="UTF-8"?>
<!-- Generated by org.testng.reporters.JUnitReportReporter -->
<testsuite skipped="0" hostname="LAPTOP-EUTQRU8P" name="testknowledge.ElementAutoToolTip" tests="1" failures="0" timestamp="2021-04-29T19:51:31 IST" time="28.439" errors="0">
  <testcase name="OpenBrowserAutoToolTip" time="28.439" classname="testknowledge.ElementAutoToolTip"/>
  <system-out/>
</testsuite> <!-- testknowledge.ElementAutoToolTip -->
