<?xml version="1.0" encoding="UTF-8"?>
<!-- Generated by org.testng.reporters.JUnitReportReporter -->
<testsuite skipped="0" hostname="LAPTOP-EUTQRU8P" name="seleniumInterviewQues.MaximizeBrowEg" tests="1" failures="0" timestamp="2021-07-18T22:24:23 IST" time="16.194" errors="0">
  <testcase name="maxbrow" time="16.194" classname="seleniumInterviewQues.MaximizeBrowEg"/>
  <system-out/>
</testsuite> <!-- seleniumInterviewQues.MaximizeBrowEg -->
