<?xml version="1.0" encoding="UTF-8"?>
<!-- Generated by org.testng.reporters.JUnitReportReporter -->
<testsuite skipped="0" hostname="LAPTOP-EUTQRU8P" name="testknowledge.ElementDragSelect" tests="1" failures="0" timestamp="2021-04-29T09:51:44 IST" time="26.100" errors="0">
  <testcase name="OpenBrowserDragAndSelect" time="26.100" classname="testknowledge.ElementDragSelect"/>
  <system-out/>
</testsuite> <!-- testknowledge.ElementDragSelect -->
