<?xml version="1.0" encoding="UTF-8"?>
<!-- Generated by org.testng.reporters.JUnitReportReporter -->
<testsuite skipped="0" hostname="LAPTOP-EUTQRU8P" name="testknowledge.SendDataJXLLib" tests="2" failures="0" timestamp="2021-04-16T15:49:15 IST" time="14.443" errors="0">
  <testcase name="LoginPage" time="7.556" classname="testknowledge.SendDataJXLLib"/>
  <system-out/>
  <testcase name="LoginPage" time="6.887" classname="testknowledge.SendDataJXLLib"/>
  <system-out/>
</testsuite> <!-- testknowledge.SendDataJXLLib -->
