<?xml version="1.0" encoding="UTF-8"?>
<!-- Generated by org.testng.reporters.JUnitReportReporter -->
<testsuite skipped="0" hostname="LAPTOP-EUTQRU8P" name="seleniumHandsOn.TestLeafEg" tests="1" failures="0" timestamp="2021-06-20T11:27:19 IST" time="5.910" errors="0">
  <testcase name="dropdown" time="5.910" classname="seleniumHandsOn.TestLeafEg"/>
  <system-out/>
</testsuite> <!-- seleniumHandsOn.TestLeafEg -->
