<?xml version="1.0" encoding="UTF-8"?>
<!-- Generated by org.testng.reporters.JUnitReportReporter -->
<testsuite skipped="0" hostname="LAPTOP-EUTQRU8P" name="seleniumHandsOn.TextBoxEg" tests="1" failures="0" timestamp="2021-06-15T19:56:59 IST" time="18.516" errors="0">
  <testcase name="TxtBoxOps" time="18.516" classname="seleniumHandsOn.TextBoxEg"/>
  <system-out/>
</testsuite> <!-- seleniumHandsOn.TextBoxEg -->
