<?xml version="1.0" encoding="UTF-8"?>
<!-- Generated by org.testng.reporters.JUnitReportReporter -->
<testsuite skipped="0" hostname="LAPTOP-EUTQRU8P" name="seleniumHandsOn.LaunchBrow" tests="1" failures="0" timestamp="2021-08-30T19:00:01 IST" time="10.140" errors="0">
  <testcase name="OpenGoogle" time="10.140" classname="seleniumHandsOn.LaunchBrow"/>
  <system-out/>
</testsuite> <!-- seleniumHandsOn.LaunchBrow -->
