<?xml version="1.0" encoding="UTF-8"?>
<!-- Generated by org.testng.reporters.JUnitReportReporter -->
<testsuite skipped="0" hostname="LAPTOP-EUTQRU8P" name="seleniumHandsOn.DropDownEg" tests="1" failures="0" timestamp="2021-06-16T20:36:59 IST" time="13.421" errors="0">
  <testcase name="dropdown" time="13.421" classname="seleniumHandsOn.DropDownEg"/>
  <system-out/>
</testsuite> <!-- seleniumHandsOn.DropDownEg -->
