<?xml version="1.0" encoding="UTF-8"?>
<!-- Generated by org.testng.reporters.JUnitReportReporter -->
<testsuite skipped="0" hostname="LAPTOP-EUTQRU8P" name="seleniumHandsOn.ReadExcelJXL" tests="4" failures="0" timestamp="2021-06-13T12:50:55 IST" time="9.443" errors="0">
  <testcase name="GoogleSrch" time="2.260" classname="seleniumHandsOn.ReadExcelJXL"/>
  <system-out/>
  <testcase name="GoogleSrch" time="2.833" classname="seleniumHandsOn.ReadExcelJXL"/>
  <system-out/>
  <testcase name="GoogleSrch" time="2.175" classname="seleniumHandsOn.ReadExcelJXL"/>
  <system-out/>
  <testcase name="GoogleSrch" time="2.175" classname="seleniumHandsOn.ReadExcelJXL"/>
  <system-out/>
</testsuite> <!-- seleniumHandsOn.ReadExcelJXL -->
