<?xml version="1.0" encoding="UTF-8"?>
<!-- Generated by org.testng.reporters.JUnitReportReporter -->
<testsuite skipped="0" hostname="LAPTOP-EUTQRU8P" name="seleniumInterviewQues.ExplicitWaitEg" tests="1" failures="0" timestamp="2021-06-02T16:35:34 IST" time="15.834" errors="0">
  <testcase name="OpenBrowser" time="15.834" classname="seleniumInterviewQues.ExplicitWaitEg"/>
  <system-out/>
</testsuite> <!-- seleniumInterviewQues.ExplicitWaitEg -->
