<?xml version="1.0" encoding="UTF-8"?>
<!-- Generated by org.testng.reporters.JUnitReportReporter -->
<testsuite skipped="0" hostname="LAPTOP-EUTQRU8P" name="seleniumInterviewQues.ScrollPageEg" tests="1" failures="0" timestamp="2021-06-13T10:50:18 IST" time="17.153" errors="0">
  <testcase name="ScrollEg" time="17.153" classname="seleniumInterviewQues.ScrollPageEg"/>
  <system-out/>
</testsuite> <!-- seleniumInterviewQues.ScrollPageEg -->
