<?xml version="1.0" encoding="UTF-8"?>
<!-- Generated by org.testng.reporters.JUnitReportReporter -->
<testsuite skipped="0" hostname="LAPTOP-EUTQRU8P" name="seleniumHandsOn.OpenSeleniumEasySite" tests="4" failures="0" timestamp="2021-05-22T17:45:53 IST" time="25.772" errors="0">
  <testcase name="DropDown" time="2.503" classname="seleniumHandsOn.OpenSeleniumEasySite"/>
  <system-out/>
  <testcase name="InputForm" time="3.375" classname="seleniumHandsOn.OpenSeleniumEasySite"/>
  <system-out/>
  <testcase name="OpenBrowser" time="16.205" classname="seleniumHandsOn.OpenSeleniumEasySite"/>
  <system-out/>
  <testcase name="JqueryDropDown" time="3.689" classname="seleniumHandsOn.OpenSeleniumEasySite"/>
  <system-out/>
</testsuite> <!-- seleniumHandsOn.OpenSeleniumEasySite -->
