<?xml version="1.0" encoding="UTF-8"?>
<!-- Generated by org.testng.reporters.JUnitReportReporter -->
<testsuite skipped="0" hostname="LAPTOP-EUTQRU8P" name="testknowledge.TestNGGroup" tests="2" failures="0" timestamp="2021-04-12T10:21:52 IST" time="71.813" errors="0">
  <testcase name="OpenTestLeaf" time="44.453" classname="testknowledge.TestNGGroup"/>
  <system-out/>
  <testcase name="OpenWikipedia" time="27.360" classname="testknowledge.TestNGGroup"/>
  <system-out/>
</testsuite> <!-- testknowledge.TestNGGroup -->
