<?xml version="1.0" encoding="UTF-8"?>
<!-- Generated by org.testng.reporters.JUnitReportReporter -->
<testsuite skipped="0" hostname="LAPTOP-EUTQRU8P" name="testknowledge.TestNGPart2" tests="3" failures="0" timestamp="2021-04-06T14:19:11 IST" time="19.518" errors="0">
  <testcase name="AlertBox" time="13.500" classname="testknowledge.TestNGPart2"/>
  <system-out/>
  <testcase name="PromptBox" time="2.196" classname="testknowledge.TestNGPart2"/>
  <system-out/>
  <testcase name="ConfirmBox" time="3.822" classname="testknowledge.TestNGPart2"/>
  <system-out/>
</testsuite> <!-- testknowledge.TestNGPart2 -->
