<?xml version="1.0" encoding="UTF-8"?>
<!-- Generated by org.testng.reporters.JUnitReportReporter -->
<testsuite skipped="0" hostname="LAPTOP-EUTQRU8P" name="seleniumHandsOn.Log4jTest" tests="1" failures="0" timestamp="2021-06-22T10:27:31 IST" time="0.018" errors="0">
  <testcase name="checkknow" time="0.018" classname="seleniumHandsOn.Log4jTest"/>
  <system-out/>
</testsuite> <!-- seleniumHandsOn.Log4jTest -->
