<?xml version="1.0" encoding="UTF-8"?>
<!-- Generated by org.testng.reporters.JUnitReportReporter -->
<testsuite skipped="0" hostname="LAPTOP-EUTQRU8P" name="testknowledge.SendDataDataProvider" tests="2" failures="0" timestamp="2021-04-16T15:50:56 IST" time="12.765" errors="0">
  <testcase name="LoginPage" time="6.352" classname="testknowledge.SendDataDataProvider"/>
  <system-out/>
  <testcase name="LoginPage" time="6.413" classname="testknowledge.SendDataDataProvider"/>
  <system-out/>
</testsuite> <!-- testknowledge.SendDataDataProvider -->
