<?xml version="1.0" encoding="UTF-8"?>
<!-- Generated by org.testng.reporters.JUnitReportReporter -->
<testsuite skipped="0" hostname="LAPTOP-EUTQRU8P" name="seleniumHandsOn.PrintSearchTerms" tests="2" failures="0" timestamp="2021-07-28T20:18:38 IST" time="11.242" errors="0">
  <testcase name="SearchTerm" time="5.873" classname="seleniumHandsOn.PrintSearchTerms"/>
  <system-out/>
  <testcase name="LaunchBrow" time="5.369" classname="seleniumHandsOn.PrintSearchTerms"/>
  <system-out/>
</testsuite> <!-- seleniumHandsOn.PrintSearchTerms -->
