<?xml version="1.0" encoding="UTF-8"?>
<!-- Generated by org.testng.reporters.JUnitReportReporter -->
<testsuite skipped="0" hostname="LAPTOP-EUTQRU8P" name="seleniumHandsOn.POMEg" tests="2" failures="0" timestamp="2021-08-01T11:50:57 IST" time="28.038" errors="0">
  <testcase name="OpenChrome" time="15.904" classname="seleniumHandsOn.POMEg"/>
  <system-out/>
  <testcase name="BrowActions" time="12.134" classname="seleniumHandsOn.POMEg"/>
  <system-out/>
</testsuite> <!-- seleniumHandsOn.POMEg -->
