<?xml version="1.0" encoding="UTF-8"?>
<!-- Generated by org.testng.reporters.JUnitReportReporter -->
<testsuite skipped="0" hostname="LAPTOP-EUTQRU8P" name="testknowledge.SendDataJXL" tests="5" failures="0" timestamp="2021-04-16T17:15:57 IST" time="34.635" errors="0">
  <testcase name="RegisterPage" time="6.286" classname="testknowledge.SendDataJXL"/>
  <system-out/>
  <testcase name="RegisterPage" time="6.729" classname="testknowledge.SendDataJXL"/>
  <system-out/>
  <testcase name="RegisterPage" time="6.753" classname="testknowledge.SendDataJXL"/>
  <system-out/>
  <testcase name="RegisterPage" time="6.969" classname="testknowledge.SendDataJXL"/>
  <system-out/>
  <testcase name="RegisterPage" time="7.898" classname="testknowledge.SendDataJXL"/>
  <system-out/>
</testsuite> <!-- testknowledge.SendDataJXL -->
