<?xml version="1.0" encoding="UTF-8"?>
<!-- Generated by org.testng.reporters.JUnitReportReporter -->
<testsuite skipped="0" hostname="LAPTOP-EUTQRU8P" name="seleniumHandsOn.DatePickers" tests="1" failures="0" timestamp="2021-05-24T16:33:48 IST" time="1.686" errors="0">
  <testcase name="DateExample" time="1.686" classname="seleniumHandsOn.DatePickers"/>
  <system-out/>
</testsuite> <!-- seleniumHandsOn.DatePickers -->
