<?xml version="1.0" encoding="UTF-8"?>
<!-- Generated by org.testng.reporters.JUnitReportReporter -->
<testsuite skipped="0" hostname="LAPTOP-EUTQRU8P" name="testknowledge.ElementFileUploadDownload" tests="1" failures="0" timestamp="2021-05-01T12:24:06 IST" time="25.208" errors="0">
  <testcase name="FileUploadAndDowload" time="25.208" classname="testknowledge.ElementFileUploadDownload"/>
  <system-out/>
</testsuite> <!-- testknowledge.ElementFileUploadDownload -->
