<?xml version="1.0" encoding="UTF-8"?>
<!-- Generated by org.testng.reporters.JUnitReportReporter -->
<testsuite skipped="0" hostname="LAPTOP-EUTQRU8P" name="seleniumInterviewQues.FileHandlerFileUtilsScreenShotEg" tests="1" failures="0" timestamp="2021-06-02T19:35:26 IST" time="6.518" errors="0">
  <testcase name="OpenBrow" time="6.518" classname="seleniumInterviewQues.FileHandlerFileUtilsScreenShotEg"/>
  <system-out/>
</testsuite> <!-- seleniumInterviewQues.FileHandlerFileUtilsScreenShotEg -->
