<?xml version="1.0" encoding="UTF-8"?>
<!-- Generated by org.testng.reporters.JUnitReportReporter -->
<testsuite skipped="0" hostname="LAPTOP-EUTQRU8P" name="seleniumInterviewQues.RefreshBrowEg" tests="1" failures="0" timestamp="2021-06-05T13:11:19 IST" time="24.640" errors="0">
  <testcase name="RefreBrow" time="24.640" classname="seleniumInterviewQues.RefreshBrowEg"/>
  <system-out/>
</testsuite> <!-- seleniumInterviewQues.RefreshBrowEg -->
