<?xml version="1.0" encoding="UTF-8"?>
<!-- Generated by org.testng.reporters.JUnitReportReporter -->
<testsuite skipped="0" hostname="LAPTOP-EUTQRU8P" name="seleniumHandsOn.FileDown" tests="2" failures="0" timestamp="2021-08-02T09:32:10 IST" time="19.583" errors="0">
  <testcase name="WindowsAction" time="0.009" classname="seleniumHandsOn.FileDown"/>
  <system-out/>
  <testcase name="DownloadFile" time="19.574" classname="seleniumHandsOn.FileDown"/>
  <system-out/>
</testsuite> <!-- seleniumHandsOn.FileDown -->
