<?xml version="1.0" encoding="UTF-8"?>
<!-- Generated by org.testng.reporters.JUnitReportReporter -->
<testsuite skipped="0" hostname="LAPTOP-EUTQRU8P" name="seleniumInterviewQues.FileHandlerScreenShotEg" tests="1" failures="0" timestamp="2021-06-02T16:54:33 IST" time="0.962" errors="0">
  <testcase name="ScreenShotUsingFileHandler" time="0.962" classname="seleniumInterviewQues.FileHandlerScreenShotEg"/>
  <system-out/>
</testsuite> <!-- seleniumInterviewQues.FileHandlerScreenShotEg -->
