<?xml version="1.0" encoding="UTF-8"?>
<!-- Generated by org.testng.reporters.JUnitReportReporter -->
<testsuite skipped="0" hostname="LAPTOP-EUTQRU8P" name="seleniumInterviewQues.RobotScreenShotEg" tests="1" failures="0" timestamp="2021-06-02T19:41:42 IST" time="13.074" errors="0">
  <testcase name="OpenBrow" time="13.074" classname="seleniumInterviewQues.RobotScreenShotEg"/>
  <system-out/>
</testsuite> <!-- seleniumInterviewQues.RobotScreenShotEg -->
