<?xml version="1.0" encoding="UTF-8"?>
<!-- Generated by org.testng.reporters.JUnitReportReporter -->
<testsuite skipped="0" hostname="LAPTOP-EUTQRU8P" name="seleniumInterviewQues.PrintGoogleSearch" tests="1" failures="0" timestamp="2021-06-13T11:54:11 IST" time="16.465" errors="0">
  <testcase name="OpenBrow" time="16.465" classname="seleniumInterviewQues.PrintGoogleSearch"/>
  <system-out/>
</testsuite> <!-- seleniumInterviewQues.PrintGoogleSearch -->
