<?xml version="1.0" encoding="UTF-8"?>
<!-- Generated by org.testng.reporters.JUnitReportReporter -->
<testsuite skipped="0" hostname="LAPTOP-EUTQRU8P" name="seleniumInterviewQues.DiffWaysEnterKeys" tests="1" failures="0" timestamp="2021-06-13T10:17:48 IST" time="14.111" errors="0">
  <testcase name="InputEnterKey" time="14.111" classname="seleniumInterviewQues.DiffWaysEnterKeys"/>
  <system-out/>
</testsuite> <!-- seleniumInterviewQues.DiffWaysEnterKeys -->
