<?xml version="1.0" encoding="UTF-8"?>
<!-- Generated by org.testng.reporters.JUnitReportReporter -->
<testsuite skipped="0" hostname="LAPTOP-EUTQRU8P" name="seleniumInterviewQues.FindActiveElementEg" tests="1" failures="0" timestamp="2021-06-13T10:21:33 IST" time="15.283" errors="0">
  <testcase name="ActiveElement" time="15.283" classname="seleniumInterviewQues.FindActiveElementEg"/>
  <system-out/>
</testsuite> <!-- seleniumInterviewQues.FindActiveElementEg -->
