<?xml version="1.0" encoding="UTF-8"?>
<!-- Generated by org.testng.reporters.JUnitReportReporter -->
<testsuite skipped="0" hostname="LAPTOP-EUTQRU8P" name="testknowledge.ElementTxtBtnLnkImg" tests="1" failures="0" timestamp="2021-05-01T10:33:18 IST" time="90.166" errors="0">
  <testcase name="OpenBrowserTxtBtnLnkImg" time="90.166" classname="testknowledge.ElementTxtBtnLnkImg"/>
  <system-out/>
</testsuite> <!-- testknowledge.ElementTxtBtnLnkImg -->
