<?xml version="1.0" encoding="UTF-8"?>
<!-- Generated by org.testng.reporters.JUnitReportReporter -->
<testsuite skipped="0" hostname="LAPTOP-EUTQRU8P" name="testJavaBasics.UsingConfigFileAndPropConfigurator" tests="1" failures="0" timestamp="2021-05-13T19:39:45 IST" time="5.384" errors="0">
  <testcase name="OpenGoogleSite" time="5.384" classname="testJavaBasics.UsingConfigFileAndPropConfigurator"/>
  <system-out/>
</testsuite> <!-- testJavaBasics.UsingConfigFileAndPropConfigurator -->
