<?xml version="1.0" encoding="UTF-8"?>
<!-- Generated by org.testng.reporters.JUnitReportReporter -->
<testsuite skipped="0" hostname="LAPTOP-EUTQRU8P" name="testknowledge.TestNGPart1" tests="2" failures="0" timestamp="2021-04-06T14:19:11 IST" time="5.945" errors="0">
  <testcase name="noofItems" time="0.319" classname="testknowledge.TestNGPart1"/>
  <system-out/>
  <testcase name="dropDown" time="5.626" classname="testknowledge.TestNGPart1"/>
  <system-out/>
</testsuite> <!-- testknowledge.TestNGPart1 -->
