<?xml version="1.0" encoding="UTF-8"?>
<!-- Generated by org.testng.reporters.JUnitReportReporter -->
<testsuite skipped="0" hostname="LAPTOP-EUTQRU8P" name="seleniumHandsOn.javascriptexet" tests="1" failures="0" timestamp="2021-07-30T16:57:23 IST" time="16.979" errors="0">
  <testcase name="ScrollOps" time="16.979" classname="seleniumHandsOn.javascriptexet"/>
  <system-out/>
</testsuite> <!-- seleniumHandsOn.javascriptexet -->
